{"C:\\Users\\sandr\\Documents\\Projets-web\\front-end-libraries\\oc-05-shiny-agency\\src\\components\\Card\\index.jsx": {"path":"C:\\Users\\sandr\\Documents\\Projets-web\\front-end-libraries\\oc-05-shiny-agency\\src\\components\\Card\\index.jsx","statementMap":{"0":{"start":{"line":7,"column":20},"end":{"line":22,"column":1}},"1":{"start":{"line":13,"column":4},"end":{"line":13,"column":70}},"2":{"start":{"line":24,"column":18},"end":{"line":29,"column":1}},"3":{"start":{"line":25,"column":27},"end":{"line":25,"column":76}},"4":{"start":{"line":31,"column":18},"end":{"line":36,"column":1}},"5":{"start":{"line":37,"column":18},"end":{"line":43,"column":1}},"6":{"start":{"line":38,"column":27},"end":{"line":38,"column":73}},"7":{"start":{"line":45,"column":13},"end":{"line":59,"column":1}},"8":{"start":{"line":46,"column":20},"end":{"line":46,"column":30}},"9":{"start":{"line":47,"column":38},"end":{"line":47,"column":53}},"10":{"start":{"line":48,"column":15},"end":{"line":48,"column":37}},"11":{"start":{"line":50,"column":2},"end":{"line":58,"column":3}},"12":{"start":{"line":51,"column":46},"end":{"line":51,"column":72}},"13":{"start":{"line":61,"column":0},"end":{"line":65,"column":1}},"14":{"start":{"line":67,"column":0},"end":{"line":71,"column":1}}},"fnMap":{"0":{"name":"(anonymous_0)","decl":{"start":{"line":12,"column":22},"end":{"line":12,"column":23}},"loc":{"start":{"line":13,"column":4},"end":{"line":13,"column":70}},"line":13},"1":{"name":"(anonymous_1)","decl":{"start":{"line":25,"column":11},"end":{"line":25,"column":12}},"loc":{"start":{"line":25,"column":27},"end":{"line":25,"column":76}},"line":25},"2":{"name":"(anonymous_2)","decl":{"start":{"line":38,"column":11},"end":{"line":38,"column":12}},"loc":{"start":{"line":38,"column":27},"end":{"line":38,"column":73}},"line":38},"3":{"name":"(anonymous_3)","decl":{"start":{"line":45,"column":13},"end":{"line":45,"column":14}},"loc":{"start":{"line":45,"column":44},"end":{"line":59,"column":1}},"line":45},"4":{"name":"(anonymous_4)","decl":{"start":{"line":51,"column":40},"end":{"line":51,"column":41}},"loc":{"start":{"line":51,"column":46},"end":{"line":51,"column":72}},"line":51}},"branchMap":{"0":{"loc":{"start":{"line":13,"column":4},"end":{"line":13,"column":70}},"type":"cond-expr","locations":[{"start":{"line":13,"column":24},"end":{"line":13,"column":46}},{"start":{"line":13,"column":49},"end":{"line":13,"column":70}}],"line":13},"1":{"loc":{"start":{"line":25,"column":27},"end":{"line":25,"column":76}},"type":"cond-expr","locations":[{"start":{"line":25,"column":47},"end":{"line":25,"column":61}},{"start":{"line":25,"column":64},"end":{"line":25,"column":76}}],"line":25},"2":{"loc":{"start":{"line":38,"column":27},"end":{"line":38,"column":73}},"type":"cond-expr","locations":[{"start":{"line":38,"column":47},"end":{"line":38,"column":58}},{"start":{"line":38,"column":61},"end":{"line":38,"column":73}}],"line":38},"3":{"loc":{"start":{"line":48,"column":15},"end":{"line":48,"column":37}},"type":"cond-expr","locations":[{"start":{"line":48,"column":28},"end":{"line":48,"column":32}},{"start":{"line":48,"column":35},"end":{"line":48,"column":37}}],"line":48}},"s":{"0":1,"1":3,"2":1,"3":3,"4":1,"5":1,"6":3,"7":1,"8":3,"9":3,"10":3,"11":3,"12":1,"13":1,"14":1},"f":{"0":3,"1":3,"2":3,"3":3,"4":1},"b":{"0":[3,0],"1":[3,0],"2":[3,0],"3":[1,2]},"_coverageSchema":"1a1c01bbd47fc00a2c39e90264f33305004495a9","hash":"17168a9f0e44b27e06f20a360c39c358f886daa4"}
,"C:\\Users\\sandr\\Documents\\Projets-web\\front-end-libraries\\oc-05-shiny-agency\\src\\components\\Footer\\index.jsx": {"path":"C:\\Users\\sandr\\Documents\\Projets-web\\front-end-libraries\\oc-05-shiny-agency\\src\\components\\Footer\\index.jsx","statementMap":{"0":{"start":{"line":6,"column":24},"end":{"line":13,"column":1}},"1":{"start":{"line":15,"column":24},"end":{"line":21,"column":1}},"2":{"start":{"line":20,"column":27},"end":{"line":20,"column":69}},"3":{"start":{"line":23,"column":15},"end":{"line":33,"column":1}},"4":{"start":{"line":24,"column":33},"end":{"line":24,"column":57}},"5":{"start":{"line":26,"column":2},"end":{"line":32,"column":3}},"6":{"start":{"line":28,"column":52},"end":{"line":28,"column":65}}},"fnMap":{"0":{"name":"(anonymous_0)","decl":{"start":{"line":20,"column":11},"end":{"line":20,"column":12}},"loc":{"start":{"line":20,"column":27},"end":{"line":20,"column":69}},"line":20},"1":{"name":"(anonymous_1)","decl":{"start":{"line":23,"column":15},"end":{"line":23,"column":16}},"loc":{"start":{"line":23,"column":21},"end":{"line":33,"column":1}},"line":23},"2":{"name":"(anonymous_2)","decl":{"start":{"line":28,"column":46},"end":{"line":28,"column":47}},"loc":{"start":{"line":28,"column":52},"end":{"line":28,"column":65}},"line":28}},"branchMap":{"0":{"loc":{"start":{"line":20,"column":27},"end":{"line":20,"column":69}},"type":"cond-expr","locations":[{"start":{"line":20,"column":47},"end":{"line":20,"column":54}},{"start":{"line":20,"column":57},"end":{"line":20,"column":69}}],"line":20},"1":{"loc":{"start":{"line":29,"column":27},"end":{"line":29,"column":58}},"type":"cond-expr","locations":[{"start":{"line":29,"column":47},"end":{"line":29,"column":51}},{"start":{"line":29,"column":54},"end":{"line":29,"column":58}}],"line":29}},"s":{"0":1,"1":1,"2":4,"3":1,"4":4,"5":4,"6":2},"f":{"0":4,"1":4,"2":2},"b":{"0":[3,1],"1":[3,1]},"_coverageSchema":"1a1c01bbd47fc00a2c39e90264f33305004495a9","hash":"79d043cec8a580c7909ff99ee6278a83af7148b4"}
,"C:\\Users\\sandr\\Documents\\Projets-web\\front-end-libraries\\oc-05-shiny-agency\\src\\pages\\Home\\index.jsx": {"path":"C:\\Users\\sandr\\Documents\\Projets-web\\front-end-libraries\\oc-05-shiny-agency\\src\\pages\\Home\\index.jsx","statementMap":{"0":{"start":{"line":7,"column":20},"end":{"line":10,"column":1}},"1":{"start":{"line":12,"column":17},"end":{"line":20,"column":1}},"2":{"start":{"line":14,"column":4},"end":{"line":14,"column":70}},"3":{"start":{"line":22,"column":16},"end":{"line":31,"column":1}},"4":{"start":{"line":33,"column":20},"end":{"line":39,"column":1}},"5":{"start":{"line":38,"column":27},"end":{"line":38,"column":73}},"6":{"start":{"line":41,"column":21},"end":{"line":43,"column":1}},"7":{"start":{"line":45,"column":13},"end":{"line":65,"column":1}},"8":{"start":{"line":46,"column":20},"end":{"line":46,"column":30}},"9":{"start":{"line":47,"column":2},"end":{"line":64,"column":3}}},"fnMap":{"0":{"name":"(anonymous_0)","decl":{"start":{"line":13,"column":22},"end":{"line":13,"column":23}},"loc":{"start":{"line":14,"column":4},"end":{"line":14,"column":70}},"line":14},"1":{"name":"(anonymous_1)","decl":{"start":{"line":38,"column":11},"end":{"line":38,"column":12}},"loc":{"start":{"line":38,"column":27},"end":{"line":38,"column":73}},"line":38},"2":{"name":"(anonymous_2)","decl":{"start":{"line":45,"column":13},"end":{"line":45,"column":14}},"loc":{"start":{"line":45,"column":19},"end":{"line":65,"column":1}},"line":45}},"branchMap":{"0":{"loc":{"start":{"line":14,"column":4},"end":{"line":14,"column":70}},"type":"cond-expr","locations":[{"start":{"line":14,"column":24},"end":{"line":14,"column":46}},{"start":{"line":14,"column":49},"end":{"line":14,"column":70}}],"line":14},"1":{"loc":{"start":{"line":38,"column":27},"end":{"line":38,"column":73}},"type":"cond-expr","locations":[{"start":{"line":38,"column":47},"end":{"line":38,"column":58}},{"start":{"line":38,"column":61},"end":{"line":38,"column":73}}],"line":38}},"s":{"0":1,"1":1,"2":1,"3":1,"4":1,"5":1,"6":1,"7":1,"8":1,"9":1},"f":{"0":1,"1":1,"2":1},"b":{"0":[1,0],"1":[1,0]},"_coverageSchema":"1a1c01bbd47fc00a2c39e90264f33305004495a9","hash":"cb6c317a0add26ce266efb5162624db03a669de7"}
,"C:\\Users\\sandr\\Documents\\Projets-web\\front-end-libraries\\oc-05-shiny-agency\\src\\pages\\Results\\index.jsx": {"path":"C:\\Users\\sandr\\Documents\\Projets-web\\front-end-libraries\\oc-05-shiny-agency\\src\\pages\\Results\\index.jsx","statementMap":{"0":{"start":{"line":8,"column":25},"end":{"line":16,"column":1}},"1":{"start":{"line":15,"column":4},"end":{"line":15,"column":70}},"2":{"start":{"line":18,"column":21},"end":{"line":35,"column":1}},"3":{"start":{"line":19,"column":27},"end":{"line":19,"column":73}},"4":{"start":{"line":30,"column":6},"end":{"line":30,"column":55}},"5":{"start":{"line":37,"column":27},"end":{"line":44,"column":1}},"6":{"start":{"line":45,"column":17},"end":{"line":47,"column":1}},"7":{"start":{"line":46,"column":27},"end":{"line":46,"column":76}},"8":{"start":{"line":49,"column":23},"end":{"line":59,"column":1}},"9":{"start":{"line":51,"column":27},"end":{"line":51,"column":76}},"10":{"start":{"line":58,"column":6},"end":{"line":58,"column":57}},"11":{"start":{"line":61,"column":22},"end":{"line":64,"column":1}},"12":{"start":{"line":67,"column":24},"end":{"line":67,"column":44}},"13":{"start":{"line":69,"column":2},"end":{"line":73,"column":8}},"14":{"start":{"line":70,"column":25},"end":{"line":70,"column":36}},"15":{"start":{"line":71,"column":22},"end":{"line":71,"column":45}},"16":{"start":{"line":72,"column":4},"end":{"line":72,"column":83}},"17":{"start":{"line":78,"column":2},"end":{"line":80,"column":3}},"18":{"start":{"line":79,"column":4},"end":{"line":79,"column":16}},"19":{"start":{"line":81,"column":2},"end":{"line":81,"column":20}},"20":{"start":{"line":84,"column":16},"end":{"line":139,"column":1}},"21":{"start":{"line":85,"column":20},"end":{"line":85,"column":30}},"22":{"start":{"line":86,"column":22},"end":{"line":86,"column":47}},"23":{"start":{"line":87,"column":22},"end":{"line":87,"column":48}},"24":{"start":{"line":89,"column":37},"end":{"line":91,"column":3}},"25":{"start":{"line":93,"column":2},"end":{"line":95,"column":3}},"26":{"start":{"line":94,"column":4},"end":{"line":94,"column":42}},"27":{"start":{"line":97,"column":22},"end":{"line":97,"column":39}},"28":{"start":{"line":99,"column":2},"end":{"line":138,"column":3}},"29":{"start":{"line":109,"column":12},"end":{"line":119,"column":23}},"30":{"start":{"line":128,"column":12},"end":{"line":134,"column":29}}},"fnMap":{"0":{"name":"(anonymous_0)","decl":{"start":{"line":14,"column":22},"end":{"line":14,"column":23}},"loc":{"start":{"line":15,"column":4},"end":{"line":15,"column":70}},"line":15},"1":{"name":"(anonymous_1)","decl":{"start":{"line":19,"column":11},"end":{"line":19,"column":12}},"loc":{"start":{"line":19,"column":27},"end":{"line":19,"column":73}},"line":19},"2":{"name":"(anonymous_2)","decl":{"start":{"line":29,"column":13},"end":{"line":29,"column":14}},"loc":{"start":{"line":30,"column":6},"end":{"line":30,"column":55}},"line":30},"3":{"name":"(anonymous_3)","decl":{"start":{"line":46,"column":11},"end":{"line":46,"column":12}},"loc":{"start":{"line":46,"column":27},"end":{"line":46,"column":76}},"line":46},"4":{"name":"(anonymous_4)","decl":{"start":{"line":51,"column":11},"end":{"line":51,"column":12}},"loc":{"start":{"line":51,"column":27},"end":{"line":51,"column":76}},"line":51},"5":{"name":"(anonymous_5)","decl":{"start":{"line":57,"column":13},"end":{"line":57,"column":14}},"loc":{"start":{"line":58,"column":6},"end":{"line":58,"column":57}},"line":58},"6":{"name":"formatQueryParams","decl":{"start":{"line":66,"column":16},"end":{"line":66,"column":33}},"loc":{"start":{"line":66,"column":43},"end":{"line":74,"column":1}},"line":66},"7":{"name":"(anonymous_7)","decl":{"start":{"line":69,"column":30},"end":{"line":69,"column":31}},"loc":{"start":{"line":69,"column":71},"end":{"line":73,"column":3}},"line":69},"8":{"name":"formatJobList","decl":{"start":{"line":77,"column":16},"end":{"line":77,"column":29}},"loc":{"start":{"line":77,"column":56},"end":{"line":82,"column":1}},"line":77},"9":{"name":"(anonymous_9)","decl":{"start":{"line":84,"column":16},"end":{"line":84,"column":17}},"loc":{"start":{"line":84,"column":22},"end":{"line":139,"column":1}},"line":84},"10":{"name":"(anonymous_10)","decl":{"start":{"line":108,"column":26},"end":{"line":108,"column":27}},"loc":{"start":{"line":109,"column":12},"end":{"line":119,"column":23}},"line":109},"11":{"name":"(anonymous_11)","decl":{"start":{"line":127,"column":26},"end":{"line":127,"column":27}},"loc":{"start":{"line":128,"column":12},"end":{"line":134,"column":29}},"line":128}},"branchMap":{"0":{"loc":{"start":{"line":15,"column":4},"end":{"line":15,"column":70}},"type":"cond-expr","locations":[{"start":{"line":15,"column":24},"end":{"line":15,"column":46}},{"start":{"line":15,"column":49},"end":{"line":15,"column":70}}],"line":15},"1":{"loc":{"start":{"line":19,"column":27},"end":{"line":19,"column":73}},"type":"cond-expr","locations":[{"start":{"line":19,"column":47},"end":{"line":19,"column":58}},{"start":{"line":19,"column":61},"end":{"line":19,"column":73}}],"line":19},"2":{"loc":{"start":{"line":30,"column":6},"end":{"line":30,"column":55}},"type":"cond-expr","locations":[{"start":{"line":30,"column":26},"end":{"line":30,"column":40}},{"start":{"line":30,"column":43},"end":{"line":30,"column":55}}],"line":30},"3":{"loc":{"start":{"line":46,"column":27},"end":{"line":46,"column":76}},"type":"cond-expr","locations":[{"start":{"line":46,"column":47},"end":{"line":46,"column":61}},{"start":{"line":46,"column":64},"end":{"line":46,"column":76}}],"line":46},"4":{"loc":{"start":{"line":51,"column":27},"end":{"line":51,"column":76}},"type":"cond-expr","locations":[{"start":{"line":51,"column":47},"end":{"line":51,"column":61}},{"start":{"line":51,"column":64},"end":{"line":51,"column":76}}],"line":51},"5":{"loc":{"start":{"line":58,"column":6},"end":{"line":58,"column":57}},"type":"cond-expr","locations":[{"start":{"line":58,"column":26},"end":{"line":58,"column":42}},{"start":{"line":58,"column":45},"end":{"line":58,"column":57}}],"line":58},"6":{"loc":{"start":{"line":71,"column":22},"end":{"line":71,"column":45}},"type":"cond-expr","locations":[{"start":{"line":71,"column":37},"end":{"line":71,"column":39}},{"start":{"line":71,"column":42},"end":{"line":71,"column":45}}],"line":71},"7":{"loc":{"start":{"line":78,"column":2},"end":{"line":80,"column":3}},"type":"if","locations":[{"start":{"line":78,"column":2},"end":{"line":80,"column":3}},{"start":{"line":78,"column":2},"end":{"line":80,"column":3}}],"line":78},"8":{"loc":{"start":{"line":93,"column":2},"end":{"line":95,"column":3}},"type":"if","locations":[{"start":{"line":93,"column":2},"end":{"line":95,"column":3}},{"start":{"line":93,"column":2},"end":{"line":95,"column":3}}],"line":93},"9":{"loc":{"start":{"line":99,"column":9},"end":{"line":138,"column":3}},"type":"cond-expr","locations":[{"start":{"line":100,"column":4},"end":{"line":102,"column":20}},{"start":{"line":104,"column":4},"end":{"line":137,"column":23}}],"line":99},"10":{"loc":{"start":{"line":107,"column":9},"end":{"line":120,"column":12}},"type":"binary-expr","locations":[{"start":{"line":107,"column":9},"end":{"line":107,"column":20}},{"start":{"line":108,"column":10},"end":{"line":120,"column":12}}],"line":107},"11":{"loc":{"start":{"line":126,"column":9},"end":{"line":135,"column":12}},"type":"binary-expr","locations":[{"start":{"line":126,"column":9},"end":{"line":126,"column":20}},{"start":{"line":127,"column":10},"end":{"line":135,"column":12}}],"line":126}},"s":{"0":1,"1":0,"2":1,"3":0,"4":0,"5":1,"6":1,"7":0,"8":1,"9":0,"10":0,"11":1,"12":2,"13":2,"14":3,"15":3,"16":3,"17":2,"18":1,"19":1,"20":1,"21":0,"22":0,"23":0,"24":0,"25":0,"26":0,"27":0,"28":0,"29":0,"30":0},"f":{"0":0,"1":0,"2":0,"3":0,"4":0,"5":0,"6":2,"7":3,"8":2,"9":0,"10":0,"11":0},"b":{"0":[0,0],"1":[0,0],"2":[0,0],"3":[0,0],"4":[0,0],"5":[0,0],"6":[2,1],"7":[1,1],"8":[0,0],"9":[0,0],"10":[0,0],"11":[0,0]},"_coverageSchema":"1a1c01bbd47fc00a2c39e90264f33305004495a9","hash":"e1b759d6f72c8a78d3199aac69ad2edf56684958"}
,"C:\\Users\\sandr\\Documents\\Projets-web\\front-end-libraries\\oc-05-shiny-agency\\src\\utils\\context\\index.jsx": {"path":"C:\\Users\\sandr\\Documents\\Projets-web\\front-end-libraries\\oc-05-shiny-agency\\src\\utils\\context\\index.jsx","statementMap":{"0":{"start":{"line":3,"column":28},"end":{"line":3,"column":43}},"1":{"start":{"line":5,"column":29},"end":{"line":16,"column":1}},"2":{"start":{"line":6,"column":28},"end":{"line":6,"column":45}},"3":{"start":{"line":7,"column":22},"end":{"line":9,"column":3}},"4":{"start":{"line":8,"column":4},"end":{"line":8,"column":50}},"5":{"start":{"line":11,"column":2},"end":{"line":15,"column":3}},"6":{"start":{"line":18,"column":29},"end":{"line":18,"column":44}},"7":{"start":{"line":20,"column":30},"end":{"line":31,"column":1}},"8":{"start":{"line":21,"column":32},"end":{"line":21,"column":44}},"9":{"start":{"line":22,"column":22},"end":{"line":24,"column":3}},"10":{"start":{"line":23,"column":4},"end":{"line":23,"column":45}},"11":{"start":{"line":26,"column":2},"end":{"line":30,"column":3}}},"fnMap":{"0":{"name":"(anonymous_0)","decl":{"start":{"line":5,"column":29},"end":{"line":5,"column":30}},"loc":{"start":{"line":5,"column":47},"end":{"line":16,"column":1}},"line":5},"1":{"name":"(anonymous_1)","decl":{"start":{"line":7,"column":22},"end":{"line":7,"column":23}},"loc":{"start":{"line":7,"column":28},"end":{"line":9,"column":3}},"line":7},"2":{"name":"(anonymous_2)","decl":{"start":{"line":20,"column":30},"end":{"line":20,"column":31}},"loc":{"start":{"line":20,"column":48},"end":{"line":31,"column":1}},"line":20},"3":{"name":"(anonymous_3)","decl":{"start":{"line":22,"column":22},"end":{"line":22,"column":23}},"loc":{"start":{"line":22,"column":38},"end":{"line":24,"column":3}},"line":22}},"branchMap":{"0":{"loc":{"start":{"line":8,"column":13},"end":{"line":8,"column":49}},"type":"cond-expr","locations":[{"start":{"line":8,"column":33},"end":{"line":8,"column":39}},{"start":{"line":8,"column":42},"end":{"line":8,"column":49}}],"line":8}},"s":{"0":4,"1":4,"2":7,"3":7,"4":2,"5":7,"6":4,"7":4,"8":0,"9":0,"10":0,"11":0},"f":{"0":7,"1":2,"2":0,"3":0},"b":{"0":[1,1]},"_coverageSchema":"1a1c01bbd47fc00a2c39e90264f33305004495a9","hash":"38515d0cd376c8e1e023ebf9a268f3a3e6954b1e"}
}
