{"C:\\Users\\sandr\\comment-module\\assets\\js\\sum.js": {"path":"C:\\Users\\sandr\\comment-module\\assets\\js\\sum.js","statementMap":{"0":{"start":{"line":2,"column":2},"end":{"line":2,"column":14}},"1":{"start":{"line":4,"column":0},"end":{"line":4,"column":20}}},"fnMap":{"0":{"name":"sum","decl":{"start":{"line":1,"column":9},"end":{"line":1,"column":12}},"loc":{"start":{"line":1,"column":19},"end":{"line":3,"column":1}},"line":1}},"branchMap":{},"s":{"0":1,"1":1},"f":{"0":1},"b":{},"_coverageSchema":"1a1c01bbd47fc00a2c39e90264f33305004495a9","hash":"7129f20bb5168598ede50b243ea262f91508ca12"}
,"C:\\Users\\sandr\\comment-module\\assets\\js\\comments\\Comment.jsx": {"path":"C:\\Users\\sandr\\comment-module\\assets\\js\\comments\\Comment.jsx","statementMap":{"0":{"start":{"line":6,"column":19},"end":{"line":9,"column":1}},"1":{"start":{"line":11,"column":13},"end":{"line":11,"column":19}},"2":{"start":{"line":12,"column":13},"end":{"line":12,"column":19}},"3":{"start":{"line":14,"column":23},"end":{"line":98,"column":1}},"4":{"start":{"line":19,"column":17},"end":{"line":19,"column":46}},"5":{"start":{"line":22,"column":23},"end":{"line":24,"column":10}},"6":{"start":{"line":23,"column":6},"end":{"line":23,"column":57}},"7":{"start":{"line":23,"column":27},"end":{"line":23,"column":55}},"8":{"start":{"line":26,"column":29},"end":{"line":28,"column":17}},"9":{"start":{"line":27,"column":6},"end":{"line":27,"column":23}},"10":{"start":{"line":30,"column":22},"end":{"line":37,"column":5}},"11":{"start":{"line":33,"column":8},"end":{"line":33,"column":37}},"12":{"start":{"line":34,"column":8},"end":{"line":34,"column":20}},"13":{"start":{"line":40,"column":30},"end":{"line":40,"column":44}},"14":{"start":{"line":42,"column":57},"end":{"line":46,"column":5}},"15":{"start":{"line":47,"column":4},"end":{"line":47,"column":24}},"16":{"start":{"line":49,"column":4},"end":{"line":96,"column":5}}},"fnMap":{"0":{"name":"(anonymous_0)","decl":{"start":{"line":15,"column":2},"end":{"line":15,"column":3}},"loc":{"start":{"line":15,"column":48},"end":{"line":97,"column":3}},"line":15},"1":{"name":"(anonymous_1)","decl":{"start":{"line":22,"column":35},"end":{"line":22,"column":36}},"loc":{"start":{"line":22,"column":41},"end":{"line":24,"column":5}},"line":22},"2":{"name":"(anonymous_2)","decl":{"start":{"line":23,"column":15},"end":{"line":23,"column":16}},"loc":{"start":{"line":23,"column":27},"end":{"line":23,"column":55}},"line":23},"3":{"name":"(anonymous_3)","decl":{"start":{"line":26,"column":41},"end":{"line":26,"column":42}},"loc":{"start":{"line":26,"column":47},"end":{"line":28,"column":5}},"line":26},"4":{"name":"(anonymous_4)","decl":{"start":{"line":31,"column":6},"end":{"line":31,"column":7}},"loc":{"start":{"line":31,"column":22},"end":{"line":35,"column":7}},"line":31}},"branchMap":{"0":{"loc":{"start":{"line":23,"column":27},"end":{"line":23,"column":55}},"type":"cond-expr","locations":[{"start":{"line":23,"column":44},"end":{"line":23,"column":48}},{"start":{"line":23,"column":51},"end":{"line":23,"column":55}}],"line":23},"1":{"loc":{"start":{"line":57,"column":11},"end":{"line":66,"column":11}},"type":"cond-expr","locations":[{"start":{"line":58,"column":12},"end":{"line":58,"column":36}},{"start":{"line":60,"column":12},"end":{"line":65,"column":14}}],"line":57},"2":{"loc":{"start":{"line":68,"column":11},"end":{"line":93,"column":11}},"type":"binary-expr","locations":[{"start":{"line":68,"column":11},"end":{"line":68,"column":18}},{"start":{"line":68,"column":22},"end":{"line":68,"column":36}},{"start":{"line":69,"column":12},"end":{"line":92,"column":18}}],"line":68}},"s":{"0":3,"1":3,"2":3,"3":3,"4":7,"5":7,"6":0,"7":0,"8":7,"9":0,"10":7,"11":0,"12":0,"13":7,"14":7,"15":7,"16":7},"f":{"0":7,"1":0,"2":0,"3":0,"4":0},"b":{"0":[0,0],"1":[7,0],"2":[7,4,4]},"_coverageSchema":"1a1c01bbd47fc00a2c39e90264f33305004495a9","hash":"115f423c8b65c78d08ae8220e1e1ed693d69d976"}
,"C:\\Users\\sandr\\comment-module\\assets\\js\\comments\\CommentForm.jsx": {"path":"C:\\Users\\sandr\\comment-module\\assets\\js\\comments\\CommentForm.jsx","statementMap":{"0":{"start":{"line":6,"column":27},"end":{"line":100,"column":1}},"1":{"start":{"line":11,"column":16},"end":{"line":11,"column":28}},"2":{"start":{"line":14,"column":21},"end":{"line":20,"column":5}},"3":{"start":{"line":16,"column":8},"end":{"line":16,"column":26}},"4":{"start":{"line":17,"column":8},"end":{"line":17,"column":30}},"5":{"start":{"line":23,"column":19},"end":{"line":23,"column":43}},"6":{"start":{"line":24,"column":16},"end":{"line":24,"column":58}},"7":{"start":{"line":25,"column":50},"end":{"line":29,"column":5}},"8":{"start":{"line":32,"column":21},"end":{"line":41,"column":5}},"9":{"start":{"line":34,"column":8},"end":{"line":34,"column":26}},"10":{"start":{"line":35,"column":8},"end":{"line":38,"column":10}},"11":{"start":{"line":44,"column":4},"end":{"line":48,"column":22}},"12":{"start":{"line":45,"column":6},"end":{"line":47,"column":7}},"13":{"start":{"line":46,"column":8},"end":{"line":46,"column":43}},"14":{"start":{"line":50,"column":4},"end":{"line":98,"column":5}}},"fnMap":{"0":{"name":"(anonymous_0)","decl":{"start":{"line":7,"column":2},"end":{"line":7,"column":3}},"loc":{"start":{"line":7,"column":73},"end":{"line":99,"column":3}},"line":7},"1":{"name":"(anonymous_1)","decl":{"start":{"line":15,"column":6},"end":{"line":15,"column":7}},"loc":{"start":{"line":15,"column":19},"end":{"line":18,"column":7}},"line":15},"2":{"name":"(anonymous_2)","decl":{"start":{"line":33,"column":6},"end":{"line":33,"column":7}},"loc":{"start":{"line":33,"column":13},"end":{"line":39,"column":7}},"line":33},"3":{"name":"(anonymous_3)","decl":{"start":{"line":44,"column":14},"end":{"line":44,"column":15}},"loc":{"start":{"line":44,"column":20},"end":{"line":48,"column":5}},"line":44}},"branchMap":{"0":{"loc":{"start":{"line":7,"column":11},"end":{"line":7,"column":22}},"type":"default-arg","locations":[{"start":{"line":7,"column":18},"end":{"line":7,"column":22}}],"line":7},"1":{"loc":{"start":{"line":7,"column":35},"end":{"line":7,"column":49}},"type":"default-arg","locations":[{"start":{"line":7,"column":45},"end":{"line":7,"column":49}}],"line":7},"2":{"loc":{"start":{"line":7,"column":51},"end":{"line":7,"column":66}},"type":"default-arg","locations":[{"start":{"line":7,"column":62},"end":{"line":7,"column":66}}],"line":7},"3":{"loc":{"start":{"line":23,"column":19},"end":{"line":23,"column":43}},"type":"cond-expr","locations":[{"start":{"line":23,"column":29},"end":{"line":23,"column":34}},{"start":{"line":23,"column":37},"end":{"line":23,"column":43}}],"line":23},"4":{"loc":{"start":{"line":24,"column":16},"end":{"line":24,"column":58}},"type":"cond-expr","locations":[{"start":{"line":24,"column":26},"end":{"line":24,"column":40}},{"start":{"line":24,"column":43},"end":{"line":24,"column":58}}],"line":24},"5":{"loc":{"start":{"line":45,"column":6},"end":{"line":47,"column":7}},"type":"if","locations":[{"start":{"line":45,"column":6},"end":{"line":47,"column":7}},{"start":{},"end":{}}],"line":45},"6":{"loc":{"start":{"line":45,"column":10},"end":{"line":45,"column":43}},"type":"binary-expr","locations":[{"start":{"line":45,"column":10},"end":{"line":45,"column":17}},{"start":{"line":45,"column":21},"end":{"line":45,"column":36}},{"start":{"line":45,"column":40},"end":{"line":45,"column":43}}],"line":45},"7":{"loc":{"start":{"line":55,"column":13},"end":{"line":60,"column":13}},"type":"binary-expr","locations":[{"start":{"line":55,"column":13},"end":{"line":55,"column":29}},{"start":{"line":56,"column":14},"end":{"line":59,"column":23}}],"line":55},"8":{"loc":{"start":{"line":80,"column":15},"end":{"line":84,"column":15}},"type":"binary-expr","locations":[{"start":{"line":80,"column":15},"end":{"line":80,"column":23}},{"start":{"line":81,"column":16},"end":{"line":83,"column":25}}],"line":80},"9":{"loc":{"start":{"line":91,"column":17},"end":{"line":91,"column":56}},"type":"cond-expr","locations":[{"start":{"line":91,"column":36},"end":{"line":91,"column":45}},{"start":{"line":91,"column":48},"end":{"line":91,"column":56}}],"line":91}},"s":{"0":5,"1":9,"2":9,"3":0,"4":0,"5":9,"6":9,"7":9,"8":9,"9":3,"10":3,"11":9,"12":6,"13":1,"14":9},"f":{"0":9,"1":0,"2":3,"3":6},"b":{"0":[4],"1":[1],"2":[8],"3":[3,6],"4":[3,6],"5":[1,5],"6":[6,2,1],"7":[9,6],"8":[9,1],"9":[6,3]},"_coverageSchema":"1a1c01bbd47fc00a2c39e90264f33305004495a9","hash":"405907a70a3ae30eed6360c9464e6fc43cf65e34"}
,"C:\\Users\\sandr\\comment-module\\assets\\js\\comments\\Index.jsx": {"path":"C:\\Users\\sandr\\comment-module\\assets\\js\\comments\\Index.jsx","statementMap":{"0":{"start":{"line":17,"column":6},"end":{"line":17,"column":53}},"1":{"start":{"line":19,"column":21},"end":{"line":21,"column":8}},"2":{"start":{"line":20,"column":4},"end":{"line":20,"column":53}},"3":{"start":{"line":20,"column":30},"end":{"line":20,"column":52}},"4":{"start":{"line":23,"column":24},"end":{"line":25,"column":8}},"5":{"start":{"line":24,"column":4},"end":{"line":24,"column":68}},"6":{"start":{"line":24,"column":30},"end":{"line":24,"column":67}},"7":{"start":{"line":24,"column":53},"end":{"line":24,"column":66}},"8":{"start":{"line":27,"column":24},"end":{"line":32,"column":8}},"9":{"start":{"line":29,"column":4},"end":{"line":31,"column":5}},"10":{"start":{"line":30,"column":6},"end":{"line":30,"column":80}},"11":{"start":{"line":30,"column":33},"end":{"line":30,"column":78}},"12":{"start":{"line":34,"column":2},"end":{"line":36,"column":8}},"13":{"start":{"line":35,"column":4},"end":{"line":35,"column":10}},"14":{"start":{"line":38,"column":2},"end":{"line":72,"column":3}},"15":{"start":{"line":51,"column":8},"end":{"line":57,"column":10}},"16":{"start":{"line":76,"column":2},"end":{"line":81,"column":3}},"17":{"start":{"line":86,"column":20},"end":{"line":86,"column":52}},"18":{"start":{"line":88,"column":2},"end":{"line":95,"column":3}},"19":{"start":{"line":101,"column":4},"end":{"line":101,"column":11}},"20":{"start":{"line":102,"column":4},"end":{"line":102,"column":24}},"21":{"start":{"line":106,"column":17},"end":{"line":106,"column":48}},"22":{"start":{"line":107,"column":17},"end":{"line":107,"column":56}},"23":{"start":{"line":109,"column":4},"end":{"line":119,"column":5}},"24":{"start":{"line":110,"column":6},"end":{"line":118,"column":8}},"25":{"start":{"line":111,"column":8},"end":{"line":117,"column":10}},"26":{"start":{"line":112,"column":10},"end":{"line":116,"column":11}},"27":{"start":{"line":113,"column":12},"end":{"line":113,"column":33}},"28":{"start":{"line":115,"column":12},"end":{"line":115,"column":62}},"29":{"start":{"line":122,"column":4},"end":{"line":122,"column":31}},"30":{"start":{"line":127,"column":4},"end":{"line":127,"column":30}},"31":{"start":{"line":128,"column":4},"end":{"line":128,"column":32}},"32":{"start":{"line":132,"column":0},"end":{"line":132,"column":55}}},"fnMap":{"0":{"name":"Comments","decl":{"start":{"line":8,"column":16},"end":{"line":8,"column":24}},"loc":{"start":{"line":8,"column":41},"end":{"line":73,"column":1}},"line":8},"1":{"name":"(anonymous_1)","decl":{"start":{"line":19,"column":33},"end":{"line":19,"column":34}},"loc":{"start":{"line":19,"column":46},"end":{"line":21,"column":3}},"line":19},"2":{"name":"(anonymous_2)","decl":{"start":{"line":20,"column":16},"end":{"line":20,"column":17}},"loc":{"start":{"line":20,"column":30},"end":{"line":20,"column":52}},"line":20},"3":{"name":"(anonymous_3)","decl":{"start":{"line":23,"column":36},"end":{"line":23,"column":37}},"loc":{"start":{"line":23,"column":49},"end":{"line":25,"column":3}},"line":23},"4":{"name":"(anonymous_4)","decl":{"start":{"line":24,"column":16},"end":{"line":24,"column":17}},"loc":{"start":{"line":24,"column":30},"end":{"line":24,"column":67}},"line":24},"5":{"name":"(anonymous_5)","decl":{"start":{"line":24,"column":46},"end":{"line":24,"column":47}},"loc":{"start":{"line":24,"column":53},"end":{"line":24,"column":66}},"line":24},"6":{"name":"(anonymous_6)","decl":{"start":{"line":27,"column":36},"end":{"line":27,"column":37}},"loc":{"start":{"line":27,"column":64},"end":{"line":32,"column":3}},"line":27},"7":{"name":"(anonymous_7)","decl":{"start":{"line":29,"column":16},"end":{"line":29,"column":17}},"loc":{"start":{"line":30,"column":6},"end":{"line":30,"column":80}},"line":30},"8":{"name":"(anonymous_8)","decl":{"start":{"line":30,"column":19},"end":{"line":30,"column":20}},"loc":{"start":{"line":30,"column":33},"end":{"line":30,"column":78}},"line":30},"9":{"name":"(anonymous_9)","decl":{"start":{"line":34,"column":12},"end":{"line":34,"column":13}},"loc":{"start":{"line":34,"column":18},"end":{"line":36,"column":3}},"line":34},"10":{"name":"(anonymous_10)","decl":{"start":{"line":50,"column":20},"end":{"line":50,"column":21}},"loc":{"start":{"line":51,"column":8},"end":{"line":57,"column":10}},"line":51},"11":{"name":"Title","decl":{"start":{"line":75,"column":16},"end":{"line":75,"column":21}},"loc":{"start":{"line":75,"column":33},"end":{"line":82,"column":1}},"line":75},"12":{"name":"ConnectBlock","decl":{"start":{"line":84,"column":16},"end":{"line":84,"column":28}},"loc":{"start":{"line":84,"column":31},"end":{"line":96,"column":1}},"line":84},"13":{"name":"(anonymous_13)","decl":{"start":{"line":100,"column":2},"end":{"line":100,"column":3}},"loc":{"start":{"line":100,"column":16},"end":{"line":103,"column":3}},"line":100},"14":{"name":"(anonymous_14)","decl":{"start":{"line":105,"column":2},"end":{"line":105,"column":3}},"loc":{"start":{"line":105,"column":22},"end":{"line":123,"column":3}},"line":105},"15":{"name":"(anonymous_15)","decl":{"start":{"line":110,"column":47},"end":{"line":110,"column":48}},"loc":{"start":{"line":110,"column":70},"end":{"line":118,"column":7}},"line":110},"16":{"name":"(anonymous_16)","decl":{"start":{"line":111,"column":24},"end":{"line":111,"column":25}},"loc":{"start":{"line":111,"column":35},"end":{"line":117,"column":9}},"line":111},"17":{"name":"(anonymous_17)","decl":{"start":{"line":125,"column":2},"end":{"line":125,"column":3}},"loc":{"start":{"line":125,"column":23},"end":{"line":129,"column":3}},"line":125}},"branchMap":{"0":{"loc":{"start":{"line":30,"column":33},"end":{"line":30,"column":78}},"type":"cond-expr","locations":[{"start":{"line":30,"column":58},"end":{"line":30,"column":68}},{"start":{"line":30,"column":71},"end":{"line":30,"column":78}}],"line":30},"1":{"loc":{"start":{"line":41,"column":7},"end":{"line":45,"column":7}},"type":"cond-expr","locations":[{"start":{"line":42,"column":8},"end":{"line":42,"column":73}},{"start":{"line":44,"column":8},"end":{"line":44,"column":24}}],"line":41},"2":{"loc":{"start":{"line":59,"column":7},"end":{"line":70,"column":7}},"type":"binary-expr","locations":[{"start":{"line":59,"column":7},"end":{"line":59,"column":14}},{"start":{"line":60,"column":8},"end":{"line":69,"column":17}}],"line":59},"3":{"loc":{"start":{"line":79,"column":26},"end":{"line":79,"column":46}},"type":"cond-expr","locations":[{"start":{"line":79,"column":38},"end":{"line":79,"column":41}},{"start":{"line":79,"column":44},"end":{"line":79,"column":46}}],"line":79},"4":{"loc":{"start":{"line":107,"column":17},"end":{"line":107,"column":56}},"type":"binary-expr","locations":[{"start":{"line":107,"column":17},"end":{"line":107,"column":48}},{"start":{"line":107,"column":52},"end":{"line":107,"column":56}}],"line":107},"5":{"loc":{"start":{"line":109,"column":4},"end":{"line":119,"column":5}},"type":"if","locations":[{"start":{"line":109,"column":4},"end":{"line":119,"column":5}},{"start":{},"end":{}}],"line":109},"6":{"loc":{"start":{"line":112,"column":10},"end":{"line":116,"column":11}},"type":"if","locations":[{"start":{"line":112,"column":10},"end":{"line":116,"column":11}},{"start":{},"end":{}}],"line":112},"7":{"loc":{"start":{"line":112,"column":14},"end":{"line":112,"column":59}},"type":"binary-expr","locations":[{"start":{"line":112,"column":14},"end":{"line":112,"column":34}},{"start":{"line":112,"column":38},"end":{"line":112,"column":59}}],"line":112}},"s":{"0":6,"1":6,"2":0,"3":0,"4":6,"5":0,"6":0,"7":0,"8":6,"9":0,"10":0,"11":0,"12":6,"13":3,"14":6,"15":0,"16":10,"17":6,"18":6,"19":0,"20":0,"21":0,"22":0,"23":0,"24":0,"25":0,"26":0,"27":0,"28":0,"29":0,"30":0,"31":0,"32":1},"f":{"0":6,"1":0,"2":0,"3":0,"4":0,"5":0,"6":0,"7":0,"8":0,"9":3,"10":0,"11":10,"12":6,"13":0,"14":0,"15":0,"16":0,"17":0},"b":{"0":[0,0],"1":[2,4],"2":[6,0],"3":[2,8],"4":[0,0],"5":[0,0],"6":[0,0],"7":[0,0]},"_coverageSchema":"1a1c01bbd47fc00a2c39e90264f33305004495a9","hash":"cb5e606f23a339c50c062721dea242bf818d4dde"}
,"C:\\Users\\sandr\\comment-module\\assets\\js\\comments\\hooks.js": {"path":"C:\\Users\\sandr\\comment-module\\assets\\js\\comments\\hooks.js","statementMap":{"0":{"start":{"line":4,"column":17},"end":{"line":10,"column":3}},"1":{"start":{"line":12,"column":2},"end":{"line":14,"column":3}},"2":{"start":{"line":13,"column":4},"end":{"line":13,"column":38}},"3":{"start":{"line":16,"column":19},"end":{"line":16,"column":43}},"4":{"start":{"line":17,"column":2},"end":{"line":19,"column":3}},"5":{"start":{"line":18,"column":4},"end":{"line":18,"column":15}},"6":{"start":{"line":20,"column":23},"end":{"line":20,"column":44}},"7":{"start":{"line":21,"column":2},"end":{"line":25,"column":3}},"8":{"start":{"line":22,"column":4},"end":{"line":22,"column":23}},"9":{"start":{"line":24,"column":4},"end":{"line":24,"column":22}},"10":{"start":{"line":29,"column":32},"end":{"line":29,"column":47}},"11":{"start":{"line":30,"column":28},"end":{"line":30,"column":40}},"12":{"start":{"line":31,"column":28},"end":{"line":31,"column":39}},"13":{"start":{"line":32,"column":26},"end":{"line":32,"column":40}},"14":{"start":{"line":34,"column":15},"end":{"line":76,"column":17}},"15":{"start":{"line":35,"column":4},"end":{"line":35,"column":20}},"16":{"start":{"line":62,"column":4},"end":{"line":73,"column":5}},"17":{"start":{"line":63,"column":23},"end":{"line":63,"column":53}},"18":{"start":{"line":64,"column":6},"end":{"line":64,"column":66}},"19":{"start":{"line":64,"column":26},"end":{"line":64,"column":65}},"20":{"start":{"line":65,"column":6},"end":{"line":65,"column":44}},"21":{"start":{"line":66,"column":6},"end":{"line":70,"column":7}},"22":{"start":{"line":67,"column":8},"end":{"line":67,"column":53}},"23":{"start":{"line":69,"column":8},"end":{"line":69,"column":21}},"24":{"start":{"line":72,"column":6},"end":{"line":72,"column":26}},"25":{"start":{"line":75,"column":4},"end":{"line":75,"column":21}},"26":{"start":{"line":78,"column":2},"end":{"line":85,"column":3}},"27":{"start":{"line":89,"column":30},"end":{"line":89,"column":42}},"28":{"start":{"line":90,"column":32},"end":{"line":90,"column":47}},"29":{"start":{"line":92,"column":15},"end":{"line":120,"column":3}},"30":{"start":{"line":94,"column":6},"end":{"line":94,"column":22}},"31":{"start":{"line":96,"column":6},"end":{"line":116,"column":7}},"32":{"start":{"line":97,"column":25},"end":{"line":97,"column":61}},"33":{"start":{"line":98,"column":8},"end":{"line":98,"column":25}},"34":{"start":{"line":101,"column":8},"end":{"line":103,"column":9}},"35":{"start":{"line":102,"column":10},"end":{"line":102,"column":28}},"36":{"start":{"line":105,"column":8},"end":{"line":115,"column":9}},"37":{"start":{"line":106,"column":10},"end":{"line":106,"column":27}},"38":{"start":{"line":107,"column":10},"end":{"line":112,"column":11}},"39":{"start":{"line":109,"column":14},"end":{"line":109,"column":61}},"40":{"start":{"line":110,"column":14},"end":{"line":110,"column":24}},"41":{"start":{"line":114,"column":10},"end":{"line":114,"column":21}},"42":{"start":{"line":122,"column":21},"end":{"line":129,"column":3}},"43":{"start":{"line":124,"column":6},"end":{"line":126,"column":7}},"44":{"start":{"line":125,"column":8},"end":{"line":125,"column":60}},"45":{"start":{"line":125,"column":31},"end":{"line":125,"column":58}},"46":{"start":{"line":131,"column":2},"end":{"line":136,"column":3}}},"fnMap":{"0":{"name":"jsonLdFetch","decl":{"start":{"line":3,"column":22},"end":{"line":3,"column":33}},"loc":{"start":{"line":3,"column":68},"end":{"line":26,"column":1}},"line":3},"1":{"name":"usePaginatedFetch","decl":{"start":{"line":28,"column":16},"end":{"line":28,"column":33}},"loc":{"start":{"line":28,"column":39},"end":{"line":86,"column":1}},"line":28},"2":{"name":"(anonymous_2)","decl":{"start":{"line":34,"column":27},"end":{"line":34,"column":28}},"loc":{"start":{"line":34,"column":39},"end":{"line":76,"column":3}},"line":34},"3":{"name":"(anonymous_3)","decl":{"start":{"line":64,"column":15},"end":{"line":64,"column":16}},"loc":{"start":{"line":64,"column":26},"end":{"line":64,"column":65}},"line":64},"4":{"name":"useFetch","decl":{"start":{"line":88,"column":16},"end":{"line":88,"column":24}},"loc":{"start":{"line":88,"column":64},"end":{"line":137,"column":1}},"line":88},"5":{"name":"(anonymous_5)","decl":{"start":{"line":93,"column":4},"end":{"line":93,"column":5}},"loc":{"start":{"line":93,"column":27},"end":{"line":118,"column":5}},"line":93},"6":{"name":"(anonymous_6)","decl":{"start":{"line":108,"column":36},"end":{"line":108,"column":37}},"loc":{"start":{"line":108,"column":56},"end":{"line":111,"column":13}},"line":108},"7":{"name":"(anonymous_7)","decl":{"start":{"line":123,"column":4},"end":{"line":123,"column":5}},"loc":{"start":{"line":123,"column":14},"end":{"line":127,"column":5}},"line":123},"8":{"name":"(anonymous_8)","decl":{"start":{"line":125,"column":18},"end":{"line":125,"column":19}},"loc":{"start":{"line":125,"column":31},"end":{"line":125,"column":58}},"line":125}},"branchMap":{"0":{"loc":{"start":{"line":3,"column":39},"end":{"line":3,"column":53}},"type":"default-arg","locations":[{"start":{"line":3,"column":48},"end":{"line":3,"column":53}}],"line":3},"1":{"loc":{"start":{"line":3,"column":55},"end":{"line":3,"column":66}},"type":"default-arg","locations":[{"start":{"line":3,"column":62},"end":{"line":3,"column":66}}],"line":3},"2":{"loc":{"start":{"line":12,"column":2},"end":{"line":14,"column":3}},"type":"if","locations":[{"start":{"line":12,"column":2},"end":{"line":14,"column":3}},{"start":{},"end":{}}],"line":12},"3":{"loc":{"start":{"line":17,"column":2},"end":{"line":19,"column":3}},"type":"if","locations":[{"start":{"line":17,"column":2},"end":{"line":19,"column":3}},{"start":{},"end":{}}],"line":17},"4":{"loc":{"start":{"line":21,"column":2},"end":{"line":25,"column":3}},"type":"if","locations":[{"start":{"line":21,"column":2},"end":{"line":25,"column":3}},{"start":{"line":23,"column":9},"end":{"line":25,"column":3}}],"line":21},"5":{"loc":{"start":{"line":63,"column":41},"end":{"line":63,"column":52}},"type":"binary-expr","locations":[{"start":{"line":63,"column":41},"end":{"line":63,"column":45}},{"start":{"line":63,"column":49},"end":{"line":63,"column":52}}],"line":63},"6":{"loc":{"start":{"line":66,"column":6},"end":{"line":70,"column":7}},"type":"if","locations":[{"start":{"line":66,"column":6},"end":{"line":70,"column":7}},{"start":{"line":68,"column":13},"end":{"line":70,"column":7}}],"line":66},"7":{"loc":{"start":{"line":66,"column":10},"end":{"line":66,"column":72}},"type":"binary-expr","locations":[{"start":{"line":66,"column":10},"end":{"line":66,"column":32}},{"start":{"line":66,"column":36},"end":{"line":66,"column":72}}],"line":66},"8":{"loc":{"start":{"line":88,"column":30},"end":{"line":88,"column":45}},"type":"default-arg","locations":[{"start":{"line":88,"column":39},"end":{"line":88,"column":45}}],"line":88},"9":{"loc":{"start":{"line":88,"column":47},"end":{"line":88,"column":62}},"type":"default-arg","locations":[{"start":{"line":88,"column":58},"end":{"line":88,"column":62}}],"line":88},"10":{"loc":{"start":{"line":93,"column":11},"end":{"line":93,"column":22}},"type":"default-arg","locations":[{"start":{"line":93,"column":18},"end":{"line":93,"column":22}}],"line":93},"11":{"loc":{"start":{"line":101,"column":8},"end":{"line":103,"column":9}},"type":"if","locations":[{"start":{"line":101,"column":8},"end":{"line":103,"column":9}},{"start":{},"end":{}}],"line":101},"12":{"loc":{"start":{"line":105,"column":8},"end":{"line":115,"column":9}},"type":"if","locations":[{"start":{"line":105,"column":8},"end":{"line":115,"column":9}},{"start":{"line":113,"column":15},"end":{"line":115,"column":9}}],"line":105},"13":{"loc":{"start":{"line":124,"column":6},"end":{"line":126,"column":7}},"type":"if","locations":[{"start":{"line":124,"column":6},"end":{"line":126,"column":7}},{"start":{},"end":{}}],"line":124}},"s":{"0":9,"1":9,"2":3,"3":9,"4":0,"5":0,"6":0,"7":0,"8":0,"9":0,"10":9,"11":9,"12":9,"13":9,"14":9,"15":4,"16":4,"17":4,"18":0,"19":0,"20":0,"21":0,"22":0,"23":0,"24":4,"25":4,"26":9,"27":18,"28":18,"29":18,"30":5,"31":5,"32":5,"33":0,"34":0,"35":0,"36":5,"37":0,"38":0,"39":0,"40":0,"41":5,"42":18,"43":4,"44":0,"45":0,"46":18},"f":{"0":9,"1":9,"2":4,"3":0,"4":18,"5":5,"6":0,"7":4,"8":0},"b":{"0":[4],"1":[4],"2":[3,6],"3":[0,0],"4":[0,0],"5":[4,4],"6":[0,0],"7":[0,0],"8":[2],"9":[2],"10":[1],"11":[0,0],"12":[0,5],"13":[0,4]},"_coverageSchema":"1a1c01bbd47fc00a2c39e90264f33305004495a9","hash":"51bc517fa7f30dd699498194497aa7acd5cd086f"}
,"C:\\Users\\sandr\\comment-module\\assets\\js\\components\\Form.jsx": {"path":"C:\\Users\\sandr\\comment-module\\assets\\js\\components\\Form.jsx","statementMap":{"0":{"start":{"line":3,"column":18},"end":{"line":3,"column":59}},"1":{"start":{"line":3,"column":30},"end":{"line":3,"column":59}},"2":{"start":{"line":5,"column":21},"end":{"line":40,"column":1}},"3":{"start":{"line":10,"column":4},"end":{"line":12,"column":5}},"4":{"start":{"line":11,"column":6},"end":{"line":11,"column":18}},"5":{"start":{"line":14,"column":4},"end":{"line":38,"column":5}}},"fnMap":{"0":{"name":"(anonymous_0)","decl":{"start":{"line":3,"column":18},"end":{"line":3,"column":19}},"loc":{"start":{"line":3,"column":30},"end":{"line":3,"column":59}},"line":3},"1":{"name":"(anonymous_1)","decl":{"start":{"line":6,"column":2},"end":{"line":6,"column":3}},"loc":{"start":{"line":9,"column":7},"end":{"line":39,"column":3}},"line":9}},"branchMap":{"0":{"loc":{"start":{"line":10,"column":4},"end":{"line":12,"column":5}},"type":"if","locations":[{"start":{"line":10,"column":4},"end":{"line":12,"column":5}},{"start":{},"end":{}}],"line":10},"1":{"loc":{"start":{"line":15,"column":46},"end":{"line":15,"column":66}},"type":"binary-expr","locations":[{"start":{"line":15,"column":46},"end":{"line":15,"column":51}},{"start":{"line":15,"column":55},"end":{"line":15,"column":66}}],"line":15},"2":{"loc":{"start":{"line":32,"column":9},"end":{"line":36,"column":9}},"type":"binary-expr","locations":[{"start":{"line":32,"column":9},"end":{"line":32,"column":13}},{"start":{"line":33,"column":10},"end":{"line":35,"column":16}}],"line":32},"3":{"loc":{"start":{"line":33,"column":36},"end":{"line":33,"column":69}},"type":"cond-expr","locations":[{"start":{"line":33,"column":44},"end":{"line":33,"column":55}},{"start":{"line":33,"column":58},"end":{"line":33,"column":69}}],"line":33}},"s":{"0":6,"1":23,"2":6,"3":12,"4":1,"5":12},"f":{"0":23,"1":12},"b":{"0":[1,11],"1":[12,1],"2":[12,11],"3":[1,10]},"_coverageSchema":"1a1c01bbd47fc00a2c39e90264f33305004495a9","hash":"8ddcff3d29ca50a14843d667d2ab3f1bbc4e0120"}
,"C:\\Users\\sandr\\comment-module\\assets\\js\\components\\Icon.jsx": {"path":"C:\\Users\\sandr\\comment-module\\assets\\js\\components\\Icon.jsx","statementMap":{"0":{"start":{"line":4,"column":2},"end":{"line":10,"column":3}}},"fnMap":{"0":{"name":"Icon","decl":{"start":{"line":3,"column":16},"end":{"line":3,"column":20}},"loc":{"start":{"line":3,"column":31},"end":{"line":11,"column":1}},"line":3}},"branchMap":{},"s":{"0":36},"f":{"0":36},"b":{},"_coverageSchema":"1a1c01bbd47fc00a2c39e90264f33305004495a9","hash":"00a9b67b6628cd391d28e8129d39ba6ebd32dae9"}
}
