TN:
SF:assets\js\sum.js
FN:1,sum
FNF:1
FNH:1
FNDA:1,sum
DA:2,1
DA:4,1
LF:2
LH:2
BRF:0
BRH:0
end_of_record
TN:
SF:assets\js\comments\Comment.jsx
FN:15,(anonymous_0)
FN:22,(anonymous_1)
FN:23,(anonymous_2)
FN:26,(anonymous_3)
FN:31,(anonymous_4)
FNF:5
FNH:1
FNDA:7,(anonymous_0)
FNDA:0,(anonymous_1)
FNDA:0,(anonymous_2)
FNDA:0,(anonymous_3)
FNDA:0,(anonymous_4)
DA:6,3
DA:11,3
DA:12,3
DA:14,3
DA:19,7
DA:22,7
DA:23,0
DA:26,7
DA:27,0
DA:30,7
DA:33,0
DA:34,0
DA:40,7
DA:42,7
DA:47,7
DA:49,7
LF:16
LH:12
BRDA:23,0,0,0
BRDA:23,0,1,0
BRDA:57,1,0,7
BRDA:57,1,1,0
BRDA:68,2,0,7
BRDA:68,2,1,4
BRDA:68,2,2,4
BRF:7
BRH:4
end_of_record
TN:
SF:assets\js\comments\CommentForm.jsx
FN:7,(anonymous_0)
FN:15,(anonymous_1)
FN:33,(anonymous_2)
FN:44,(anonymous_3)
FNF:4
FNH:3
FNDA:9,(anonymous_0)
FNDA:0,(anonymous_1)
FNDA:3,(anonymous_2)
FNDA:6,(anonymous_3)
DA:6,5
DA:11,9
DA:14,9
DA:16,0
DA:17,0
DA:23,9
DA:24,9
DA:25,9
DA:32,9
DA:34,3
DA:35,3
DA:44,9
DA:45,6
DA:46,1
DA:50,9
LF:15
LH:13
BRDA:7,0,0,4
BRDA:7,1,0,1
BRDA:7,2,0,8
BRDA:23,3,0,3
BRDA:23,3,1,6
BRDA:24,4,0,3
BRDA:24,4,1,6
BRDA:45,5,0,1
BRDA:45,5,1,5
BRDA:45,6,0,6
BRDA:45,6,1,2
BRDA:45,6,2,1
BRDA:55,7,0,9
BRDA:55,7,1,6
BRDA:80,8,0,9
BRDA:80,8,1,1
BRDA:91,9,0,6
BRDA:91,9,1,3
BRF:18
BRH:18
end_of_record
TN:
SF:assets\js\comments\Index.jsx
FN:8,Comments
FN:19,(anonymous_1)
FN:20,(anonymous_2)
FN:23,(anonymous_3)
FN:24,(anonymous_4)
FN:24,(anonymous_5)
FN:27,(anonymous_6)
FN:29,(anonymous_7)
FN:30,(anonymous_8)
FN:34,(anonymous_9)
FN:50,(anonymous_10)
FN:75,Title
FN:84,ConnectBlock
FN:100,(anonymous_13)
FN:105,(anonymous_14)
FN:110,(anonymous_15)
FN:111,(anonymous_16)
FN:125,(anonymous_17)
FNF:18
FNH:4
FNDA:6,Comments
FNDA:0,(anonymous_1)
FNDA:0,(anonymous_2)
FNDA:0,(anonymous_3)
FNDA:0,(anonymous_4)
FNDA:0,(anonymous_5)
FNDA:0,(anonymous_6)
FNDA:0,(anonymous_7)
FNDA:0,(anonymous_8)
FNDA:3,(anonymous_9)
FNDA:0,(anonymous_10)
FNDA:10,Title
FNDA:6,ConnectBlock
FNDA:0,(anonymous_13)
FNDA:0,(anonymous_14)
FNDA:0,(anonymous_15)
FNDA:0,(anonymous_16)
FNDA:0,(anonymous_17)
DA:17,6
DA:19,6
DA:20,0
DA:23,6
DA:24,0
DA:27,6
DA:29,0
DA:30,0
DA:34,6
DA:35,3
DA:38,6
DA:51,0
DA:76,10
DA:86,6
DA:88,6
DA:101,0
DA:102,0
DA:106,0
DA:107,0
DA:109,0
DA:110,0
DA:111,0
DA:112,0
DA:113,0
DA:115,0
DA:122,0
DA:127,0
DA:128,0
DA:132,1
LF:29
LH:11
BRDA:30,0,0,0
BRDA:30,0,1,0
BRDA:41,1,0,2
BRDA:41,1,1,4
BRDA:59,2,0,6
BRDA:59,2,1,0
BRDA:79,3,0,2
BRDA:79,3,1,8
BRDA:107,4,0,0
BRDA:107,4,1,0
BRDA:109,5,0,0
BRDA:109,5,1,0
BRDA:112,6,0,0
BRDA:112,6,1,0
BRDA:112,7,0,0
BRDA:112,7,1,0
BRF:16
BRH:5
end_of_record
TN:
SF:assets\js\comments\hooks.js
FN:3,jsonLdFetch
FN:28,usePaginatedFetch
FN:34,(anonymous_2)
FN:64,(anonymous_3)
FN:88,useFetch
FN:93,(anonymous_5)
FN:108,(anonymous_6)
FN:123,(anonymous_7)
FN:125,(anonymous_8)
FNF:9
FNH:6
FNDA:9,jsonLdFetch
FNDA:9,usePaginatedFetch
FNDA:4,(anonymous_2)
FNDA:0,(anonymous_3)
FNDA:18,useFetch
FNDA:5,(anonymous_5)
FNDA:0,(anonymous_6)
FNDA:4,(anonymous_7)
FNDA:0,(anonymous_8)
DA:4,9
DA:12,9
DA:13,3
DA:16,9
DA:17,0
DA:18,0
DA:20,0
DA:21,0
DA:22,0
DA:24,0
DA:29,9
DA:30,9
DA:31,9
DA:32,9
DA:34,9
DA:35,4
DA:62,4
DA:63,4
DA:64,0
DA:65,0
DA:66,0
DA:67,0
DA:69,0
DA:72,4
DA:75,4
DA:78,9
DA:89,18
DA:90,18
DA:92,18
DA:94,5
DA:96,5
DA:97,5
DA:98,0
DA:101,0
DA:102,0
DA:105,5
DA:106,0
DA:107,0
DA:109,0
DA:110,0
DA:114,5
DA:122,18
DA:124,4
DA:125,0
DA:131,18
LF:45
LH:26
BRDA:3,0,0,4
BRDA:3,1,0,4
BRDA:12,2,0,3
BRDA:12,2,1,6
BRDA:17,3,0,0
BRDA:17,3,1,0
BRDA:21,4,0,0
BRDA:21,4,1,0
BRDA:63,5,0,4
BRDA:63,5,1,4
BRDA:66,6,0,0
BRDA:66,6,1,0
BRDA:66,7,0,0
BRDA:66,7,1,0
BRDA:88,8,0,2
BRDA:88,9,0,2
BRDA:93,10,0,1
BRDA:101,11,0,0
BRDA:101,11,1,0
BRDA:105,12,0,0
BRDA:105,12,1,5
BRDA:124,13,0,0
BRDA:124,13,1,4
BRF:23
BRH:11
end_of_record
TN:
SF:assets\js\components\Form.jsx
FN:3,(anonymous_0)
FN:6,(anonymous_1)
FNF:2
FNH:2
FNDA:23,(anonymous_0)
FNDA:12,(anonymous_1)
DA:3,23
DA:5,6
DA:10,12
DA:11,1
DA:14,12
LF:5
LH:5
BRDA:10,0,0,1
BRDA:10,0,1,11
BRDA:15,1,0,12
BRDA:15,1,1,1
BRDA:32,2,0,12
BRDA:32,2,1,11
BRDA:33,3,0,1
BRDA:33,3,1,10
BRF:8
BRH:8
end_of_record
TN:
SF:assets\js\components\Icon.jsx
FN:3,Icon
FNF:1
FNH:1
FNDA:36,Icon
DA:4,36
LF:1
LH:1
BRF:0
BRH:0
end_of_record
