TN:
SF:src\components\Card\index.jsx
FN:12,(anonymous_0)
FN:25,(anonymous_1)
FN:38,(anonymous_2)
FN:45,(anonymous_3)
FN:51,(anonymous_4)
FNF:5
FNH:5
FNDA:3,(anonymous_0)
FNDA:3,(anonymous_1)
FNDA:3,(anonymous_2)
FNDA:3,(anonymous_3)
FNDA:1,(anonymous_4)
DA:7,1
DA:13,3
DA:24,1
DA:25,3
DA:31,1
DA:37,1
DA:38,3
DA:45,1
DA:46,3
DA:47,3
DA:48,3
DA:50,3
DA:51,1
DA:61,1
DA:67,1
LF:15
LH:15
BRDA:13,0,0,3
BRDA:13,0,1,0
BRDA:25,1,0,3
BRDA:25,1,1,0
BRDA:38,2,0,3
BRDA:38,2,1,0
BRDA:48,3,0,1
BRDA:48,3,1,2
BRF:8
BRH:5
end_of_record
TN:
SF:src\components\Footer\index.jsx
FN:20,(anonymous_0)
FN:23,(anonymous_1)
FN:28,(anonymous_2)
FNF:3
FNH:3
FNDA:4,(anonymous_0)
FNDA:4,(anonymous_1)
FNDA:2,(anonymous_2)
DA:6,1
DA:15,1
DA:20,4
DA:23,1
DA:24,4
DA:26,4
DA:28,2
LF:7
LH:7
BRDA:20,0,0,3
BRDA:20,0,1,1
BRDA:29,1,0,3
BRDA:29,1,1,1
BRF:4
BRH:4
end_of_record
TN:
SF:src\pages\Home\index.jsx
FN:13,(anonymous_0)
FN:38,(anonymous_1)
FN:45,(anonymous_2)
FNF:3
FNH:3
FNDA:1,(anonymous_0)
FNDA:1,(anonymous_1)
FNDA:1,(anonymous_2)
DA:7,1
DA:12,1
DA:14,1
DA:22,1
DA:33,1
DA:38,1
DA:41,1
DA:45,1
DA:46,1
DA:47,1
LF:10
LH:10
BRDA:14,0,0,1
BRDA:14,0,1,0
BRDA:38,1,0,1
BRDA:38,1,1,0
BRF:4
BRH:2
end_of_record
TN:
SF:src\pages\Results\index.jsx
FN:14,(anonymous_0)
FN:19,(anonymous_1)
FN:29,(anonymous_2)
FN:46,(anonymous_3)
FN:51,(anonymous_4)
FN:57,(anonymous_5)
FN:66,formatQueryParams
FN:69,(anonymous_7)
FN:77,formatJobList
FN:84,(anonymous_9)
FN:108,(anonymous_10)
FN:127,(anonymous_11)
FNF:12
FNH:3
FNDA:0,(anonymous_0)
FNDA:0,(anonymous_1)
FNDA:0,(anonymous_2)
FNDA:0,(anonymous_3)
FNDA:0,(anonymous_4)
FNDA:0,(anonymous_5)
FNDA:2,formatQueryParams
FNDA:3,(anonymous_7)
FNDA:2,formatJobList
FNDA:0,(anonymous_9)
FNDA:0,(anonymous_10)
FNDA:0,(anonymous_11)
DA:8,1
DA:15,0
DA:18,1
DA:19,0
DA:30,0
DA:37,1
DA:45,1
DA:46,0
DA:49,1
DA:51,0
DA:58,0
DA:61,1
DA:67,2
DA:69,2
DA:70,3
DA:71,3
DA:72,3
DA:78,2
DA:79,1
DA:81,1
DA:84,1
DA:85,0
DA:86,0
DA:87,0
DA:89,0
DA:93,0
DA:94,0
DA:97,0
DA:99,0
DA:109,0
DA:128,0
LF:31
LH:15
BRDA:15,0,0,0
BRDA:15,0,1,0
BRDA:19,1,0,0
BRDA:19,1,1,0
BRDA:30,2,0,0
BRDA:30,2,1,0
BRDA:46,3,0,0
BRDA:46,3,1,0
BRDA:51,4,0,0
BRDA:51,4,1,0
BRDA:58,5,0,0
BRDA:58,5,1,0
BRDA:71,6,0,2
BRDA:71,6,1,1
BRDA:78,7,0,1
BRDA:78,7,1,1
BRDA:93,8,0,0
BRDA:93,8,1,0
BRDA:99,9,0,0
BRDA:99,9,1,0
BRDA:107,10,0,0
BRDA:107,10,1,0
BRDA:126,11,0,0
BRDA:126,11,1,0
BRF:24
BRH:4
end_of_record
TN:
SF:src\utils\context\index.jsx
FN:5,(anonymous_0)
FN:7,(anonymous_1)
FN:20,(anonymous_2)
FN:22,(anonymous_3)
FNF:4
FNH:2
FNDA:7,(anonymous_0)
FNDA:2,(anonymous_1)
FNDA:0,(anonymous_2)
FNDA:0,(anonymous_3)
DA:3,4
DA:5,4
DA:6,7
DA:7,7
DA:8,2
DA:11,7
DA:18,4
DA:20,4
DA:21,0
DA:22,0
DA:23,0
DA:26,0
LF:12
LH:8
BRDA:8,0,0,1
BRDA:8,0,1,1
BRF:2
BRH:2
end_of_record
